[0m20:28:03.552761 [debug] [MainThread]: Sending event: {'category': 'dbt', 'action': 'invocation', 'label': 'start', 'context': [<snowplow_tracker.self_describing_json.SelfDescribingJson object at 0x10c556720>, <snowplow_tracker.self_describing_json.SelfDescribingJson object at 0x10dc9ea20>, <snowplow_tracker.self_describing_json.SelfDescribingJson object at 0x10dc9e690>]}


============================== 20:28:03.554796 | 6ce3361e-151d-49e8-bd02-cf06b6b9a4b9 ==============================
[0m20:28:03.554796 [info ] [MainThread]: Running with dbt=1.11.2
[0m20:28:03.555047 [debug] [MainThread]: running dbt with arguments {'partial_parse': 'True', 'use_experimental_parser': 'False', 'introspect': 'True', 'send_anonymous_usage_stats': 'True', 'warn_error_options': 'WarnErrorOptionsV2(error=[], warn=[], silence=[])', 'version_check': 'True', 'warn_error': 'None', 'profiles_dir': '/Users/sudipsen/.dbt', 'static_parser': 'True', 'use_colors': 'True', 'fail_fast': 'False', 'write_json': 'True', 'debug': 'False', 'cache_selected_only': 'False', 'indirect_selection': 'eager', 'printer_width': '80', 'log_cache_events': 'False', 'target_path': 'None', 'invocation_command': 'dbt debug', 'no_print': 'None', 'log_path': 'logs', 'log_format': 'default', 'quiet': 'False', 'empty': 'None'}
[0m20:28:03.559515 [info ] [MainThread]: dbt version: 1.11.2
[0m20:28:03.559658 [info ] [MainThread]: python version: 3.12.11
[0m20:28:03.559755 [info ] [MainThread]: python path: /Users/sudipsen/Documents/Visual Studio_All Work/MedTech-CXM/venv/bin/python3.12
[0m20:28:03.559914 [info ] [MainThread]: os info: macOS-26.2-arm64-arm-64bit
[0m20:28:03.652406 [debug] [MainThread]: Snowflake adapter: Setting snowflake.connector to ERROR (file logging only)
[0m20:28:03.652647 [debug] [MainThread]: Snowflake adapter: Setting botocore to ERROR (file logging only)
[0m20:28:03.652768 [debug] [MainThread]: Snowflake adapter: Setting boto3 to ERROR (file logging only)
[0m20:28:03.676484 [info ] [MainThread]: Using profiles dir at /Users/sudipsen/.dbt
[0m20:28:03.676688 [info ] [MainThread]: Using profiles.yml file at /Users/sudipsen/.dbt/profiles.yml
[0m20:28:03.676799 [info ] [MainThread]: Using dbt_project.yml file at /Users/sudipsen/Documents/Visual Studio_All Work/MedTech-CXM/dbt-project/dbt_project.yml
[0m20:28:03.676929 [error] [MainThread]: Encountered an error:
Internal Error
  Profile should not be None if loading profile completed
[0m20:28:03.678056 [debug] [MainThread]: Resource report: {"command_name": "debug", "command_success": false, "command_wall_clock_time": 0.153188, "process_in_blocks": "0", "process_kernel_time": 0.107996, "process_mem_max_rss": "133677056", "process_out_blocks": "0", "process_user_time": 0.64789}
[0m20:28:03.678346 [debug] [MainThread]: Command `dbt debug` failed at 20:28:03.678305 after 0.15 seconds
[0m20:28:03.678485 [debug] [MainThread]: Sending event: {'category': 'dbt', 'action': 'invocation', 'label': 'end', 'context': [<snowplow_tracker.self_describing_json.SelfDescribingJson object at 0x10d531a30>, <snowplow_tracker.self_describing_json.SelfDescribingJson object at 0x10de2c650>, <snowplow_tracker.self_describing_json.SelfDescribingJson object at 0x10e9cdc40>]}
[0m20:28:03.678632 [debug] [MainThread]: Flushing usage events
[0m20:28:03.781628 [debug] [MainThread]: An error was encountered while trying to flush usage events
[0m20:30:06.017614 [debug] [MainThread]: Sending event: {'category': 'dbt', 'action': 'invocation', 'label': 'start', 'context': [<snowplow_tracker.self_describing_json.SelfDescribingJson object at 0x10c803230>, <snowplow_tracker.self_describing_json.SelfDescribingJson object at 0x10d592c30>, <snowplow_tracker.self_describing_json.SelfDescribingJson object at 0x10d5928d0>]}


============================== 20:30:06.019625 | 2454f1a4-6da0-41a2-a6a1-b51291e55838 ==============================
[0m20:30:06.019625 [info ] [MainThread]: Running with dbt=1.11.2
[0m20:30:06.019872 [debug] [MainThread]: running dbt with arguments {'use_colors': 'True', 'empty': 'None', 'static_parser': 'True', 'send_anonymous_usage_stats': 'True', 'warn_error': 'None', 'log_cache_events': 'False', 'quiet': 'False', 'debug': 'False', 'log_path': 'logs', 'introspect': 'True', 'invocation_command': 'dbt debug', 'version_check': 'True', 'printer_width': '80', 'log_format': 'default', 'indirect_selection': 'eager', 'warn_error_options': 'WarnErrorOptionsV2(error=[], warn=[], silence=[])', 'target_path': 'None', 'partial_parse': 'True', 'profiles_dir': '/Users/sudipsen/.dbt', 'use_experimental_parser': 'False', 'write_json': 'True', 'cache_selected_only': 'False', 'no_print': 'None', 'fail_fast': 'False'}
[0m20:30:06.024657 [info ] [MainThread]: dbt version: 1.11.2
[0m20:30:06.024829 [info ] [MainThread]: python version: 3.12.11
[0m20:30:06.025069 [info ] [MainThread]: python path: /Users/sudipsen/Documents/Visual Studio_All Work/MedTech-CXM/venv/bin/python3.12
[0m20:30:06.025205 [info ] [MainThread]: os info: macOS-26.2-arm64-arm-64bit
[0m20:30:06.119732 [debug] [MainThread]: Snowflake adapter: Setting snowflake.connector to ERROR (file logging only)
[0m20:30:06.119972 [debug] [MainThread]: Snowflake adapter: Setting botocore to ERROR (file logging only)
[0m20:30:06.120086 [debug] [MainThread]: Snowflake adapter: Setting boto3 to ERROR (file logging only)
[0m20:30:06.144132 [info ] [MainThread]: Using profiles dir at /Users/sudipsen/.dbt
[0m20:30:06.144336 [info ] [MainThread]: Using profiles.yml file at /Users/sudipsen/.dbt/profiles.yml
[0m20:30:06.144441 [info ] [MainThread]: Using dbt_project.yml file at /Users/sudipsen/Documents/Visual Studio_All Work/MedTech-CXM/dbt-project/dbt_project.yml
[0m20:30:06.144574 [error] [MainThread]: Encountered an error:
Internal Error
  Profile should not be None if loading profile completed
[0m20:30:06.145766 [debug] [MainThread]: Resource report: {"command_name": "debug", "command_success": false, "command_wall_clock_time": 0.15774025, "process_in_blocks": "0", "process_kernel_time": 0.108017, "process_mem_max_rss": "133693440", "process_out_blocks": "0", "process_user_time": 0.655651}
[0m20:30:06.146072 [debug] [MainThread]: Command `dbt debug` failed at 20:30:06.146029 after 0.16 seconds
[0m20:30:06.146211 [debug] [MainThread]: Sending event: {'category': 'dbt', 'action': 'invocation', 'label': 'end', 'context': [<snowplow_tracker.self_describing_json.SelfDescribingJson object at 0x10d52b620>, <snowplow_tracker.self_describing_json.SelfDescribingJson object at 0x10e29a120>, <snowplow_tracker.self_describing_json.SelfDescribingJson object at 0x10dae7140>]}
[0m20:30:06.146363 [debug] [MainThread]: Flushing usage events
[0m20:30:06.262192 [debug] [MainThread]: An error was encountered while trying to flush usage events
